<?xml version="1.0" encoding="UTF-8"?>
<!-- Generated by org.testng.reporters.JUnitXMLReporter -->
<testsuite hostname="KrishnaK-LAPTOP" ignored="0" name="Default test" tests="8" failures="0" timestamp="24 Nov 2018 09:45:28 GMT" time="0.046" errors="0">
  <testcase name="@BeforeClass initialization" time="0.0" classname="com.framework.methods.TestBase">
    <failure type="org.testng.TestNGException" message="
Parameter &amp;apos;browserName&amp;apos; is required by BeforeClass on method initialization but has not been marked @Optional or defined
in C:\Users\K000172\AppData\Local\Temp\testng-eclipse--1169981688\testng-customsuite.xml">
      <![CDATA[org.testng.TestNGException: Parameter 'browserName' is required by BeforeClass on method initialization but has not been marked @Optional or definedin C:\Users\K000172\AppData\Local\Temp\testng-eclipse--1169981688\testng-customsuite.xmlat org.testng.internal.Parameters.createParams(Parameters.java:290)at org.testng.internal.Parameters.createParametersForMethod(Parameters.java:359)at org.testng.internal.Parameters.createParameters(Parameters.java:620)at org.testng.internal.Parameters.createConfigurationParameters(Parameters.java:190)at org.testng.internal.Invoker.invokeConfigurations(Invoker.java:209)at org.testng.internal.Invoker.invokeConfigurations(Invoker.java:142)at org.testng.internal.TestMethodWorker.invokeBeforeClassMethods(TestMethodWorker.java:163)at org.testng.internal.TestMethodWorker.run(TestMethodWorker.java:105)at org.testng.TestRunner.privateRun(TestRunner.java:648)at org.testng.TestRunner.run(TestRunner.java:505)at org.testng.SuiteRunner.runTest(SuiteRunner.java:455)at org.testng.SuiteRunner.runSequentially(SuiteRunner.java:450)at org.testng.SuiteRunner.privateRun(SuiteRunner.java:415)at org.testng.SuiteRunner.run(SuiteRunner.java:364)at org.testng.SuiteRunnerWorker.runSuite(SuiteRunnerWorker.java:52)at org.testng.SuiteRunnerWorker.run(SuiteRunnerWorker.java:84)at org.testng.TestNG.runSuitesSequentially(TestNG.java:1187)at org.testng.TestNG.runSuitesLocally(TestNG.java:1116)at org.testng.TestNG.runSuites(TestNG.java:1028)at org.testng.TestNG.run(TestNG.java:996)at org.testng.remote.AbstractRemoteTestNG.run(AbstractRemoteTestNG.java:114)at org.testng.remote.RemoteTestNG.initAndRun(RemoteTestNG.java:251)at org.testng.remote.RemoteTestNG.main(RemoteTestNG.java:77)]]>
    </failure>
  </testcase> <!-- @BeforeClass initialization -->
  <testcase name="@AfterMethod afterEachTest" time="0.0" classname="com.framework.methods.TestBase">
    <skipped/>
  </testcase> <!-- @AfterMethod afterEachTest -->
  <testcase name="@AfterMethod afterEachTest" time="0.0" classname="com.framework.methods.TestBase">
    <skipped/>
  </testcase> <!-- @AfterMethod afterEachTest -->
  <testcase name="@AfterMethod afterEachTest" time="0.0" classname="com.framework.methods.TestBase">
    <skipped/>
  </testcase> <!-- @AfterMethod afterEachTest -->
  <testcase name="@AfterMethod afterEachTest" time="0.0" classname="com.framework.methods.TestBase">
    <skipped/>
  </testcase> <!-- @AfterMethod afterEachTest -->
  <testcase name="@AfterMethod afterEachTest" time="0.0" classname="com.framework.methods.TestBase">
    <skipped/>
  </testcase> <!-- @AfterMethod afterEachTest -->
  <testcase name="@AfterMethod afterEachTest" time="0.0" classname="com.framework.methods.TestBase">
    <skipped/>
  </testcase> <!-- @AfterMethod afterEachTest -->
  <testcase name="@AfterMethod afterEachTest" time="0.0" classname="com.framework.methods.TestBase">
    <skipped/>
  </testcase> <!-- @AfterMethod afterEachTest -->
  <testcase name="@AfterClass tearDown" time="0.0" classname="com.framework.methods.TestBase">
    <skipped/>
  </testcase> <!-- @AfterClass tearDown -->
  <testcase name="PJLogin" time="0.0" classname="com.PJOHN.TestCases.PapaJhonesTestCases">
    <skipped/>
  </testcase> <!-- PJLogin -->
  <testcase name="PJLaunch" time="0.0" classname="com.PJOHN.TestCases.PapaJhonesTestCases">
    <skipped/>
  </testcase> <!-- PJLaunch -->
  <testcase name="PJwelcome" time="0.0" classname="com.PJOHN.TestCases.PapaJhonesTestCases">
    <skipped/>
  </testcase> <!-- PJwelcome -->
  <testcase name="PJMessage" time="0.0" classname="com.PJOHN.TestCases.PapaJhonesTestCases">
    <skipped/>
  </testcase> <!-- PJMessage -->
  <testcase name="PJGrowing" time="0.0" classname="com.PJOHN.TestCases.PapaJhonesTestCases">
    <skipped/>
  </testcase> <!-- PJGrowing -->
  <testcase name="PJFranchise" time="0.0" classname="com.PJOHN.TestCases.PapaJhonesTestCases">
    <skipped/>
  </testcase> <!-- PJFranchise -->
  <testcase name="PJSchannaterMessage" time="0.0" classname="com.PJOHN.TestCases.PapaJhonesTestCases">
    <skipped/>
  </testcase> <!-- PJSchannaterMessage -->
  <testcase name="PJConclusionPage" time="0.0" classname="com.PJOHN.TestCases.PapaJhonesTestCases">
    <skipped/>
  </testcase> <!-- PJConclusionPage -->
</testsuite> <!-- Default test -->
